[35][45][09:28:52.116]CDlForQdImp::Start, dwCustomId=2
[35][69][09:28:52.116]CDlForQdImp::StartImpl
[35][71][09:28:52.121]CDlForQdImp::IpcThreadFunc begin...
[35][69][09:28:52.122]CDlForQdImp::FetchConfig, bNeedFetch=1
[35][69][09:28:52.128]CHttpDownloadImp::Download, url=http://c.gj.qq.com/packconfig?serviceid=7002&clientver=487514672548225417&gjguid=222d8af8a699145b4a333f7308f96025&check=1661009920&livetime=0, destPath=C:\users\gujiawei\Temp\b5b8.tmp
[35][69][09:28:52.128]Support Winhttp
[35][69][09:28:52.128]CHttpDownloadImp::Download CreateWindowEx failed
[35][73][09:28:52.128]CWinHttpFile::Close
[35][73][09:28:53.467]WinHttpQueryHeaders file size:1096
[35][73][09:28:53.467]CWinHttpFile::Open return: 1
[35][73][09:28:53.468]AsyncCallback WINHTTP_CALLBACK_STATUS_HANDLE_CLOSING
[35][73][09:28:53.568]CWinHttpFile::Close
[35][73][09:28:53.568] CHttpDownloadImp::WorkThread success POST MSG_DOWNLOAD_COMPLETE, ERR = 0.
[35][69][09:29:12.122]CDlForQdImp::OnLoadLocalSvrPlugin Enter.
[35][69][09:29:12.122]CDlForQdImp::OnLoadLocalSvrPlugin LocalSvrPlugin init.
[35][72][09:29:12.163]Receive Pipe ipc Event
[35][45][09:31:53.640]CDlForQdImp::Stop
[35][69][09:31:53.640]CDlForQdImp::StopImpl
[35][69][09:31:53.640]CWinHttpFile::Close
[35][69][09:31:53.640]CWinHttpFile::Close
[35][69][09:31:53.640]QD LocalSvrPlugin Uninit.
[35][71][09:31:53.641]CDlForQdImp::IpcThreadFunc end...
