[35][45][14:37:31.671]CDlForQdImp::Start, dwCustomId=2
[35][69][14:37:31.671]CDlForQdImp::StartImpl
[35][71][14:37:31.674]CDlForQdImp::IpcThreadFunc begin...
[35][69][14:37:31.674]CDlForQdImp::FetchConfig, bNeedFetch=1
[35][69][14:37:31.679]CHttpDownloadImp::Download, url=http://c.gj.qq.com/packconfig?serviceid=7002&clientver=487514672548225417&gjguid=222d8af8a699145b4a333f7308f96025&check=1661009920&livetime=0, destPath=C:\users\gujiawei\Temp\64da.tmp
[35][69][14:37:31.679]Support Winhttp
[35][69][14:37:31.679]CHttpDownloadImp::Download CreateWindowEx failed
[35][73][14:37:31.679]CWinHttpFile::Close
[35][73][14:37:33.097]WinHttpQueryHeaders file size:1096
[35][73][14:37:33.098]CWinHttpFile::Open return: 1
[35][73][14:37:33.098]AsyncCallback WINHTTP_CALLBACK_STATUS_HANDLE_CLOSING
[35][73][14:37:33.198]CWinHttpFile::Close
[35][73][14:37:33.199] CHttpDownloadImp::WorkThread success POST MSG_DOWNLOAD_COMPLETE, ERR = 0.
[35][69][14:37:51.675]CDlForQdImp::OnLoadLocalSvrPlugin Enter.
[35][69][14:37:51.675]CDlForQdImp::OnLoadLocalSvrPlugin LocalSvrPlugin init.
[35][72][14:37:51.748]Receive Pipe ipc Event
[35][45][14:39:25.336]CDlForQdImp::Stop
[35][69][14:39:25.336]CDlForQdImp::StopImpl
[35][69][14:39:25.336]CWinHttpFile::Close
[35][69][14:39:25.336]CWinHttpFile::Close
[35][69][14:39:25.336]QD LocalSvrPlugin Uninit.
[35][71][14:39:25.337]CDlForQdImp::IpcThreadFunc end...
