[35][45][08:21:26.418]CDlForQdImp::Start, dwCustomId=2
[35][74][08:21:26.425]CDlForQdImp::StartImpl
[35][76][08:21:26.482]CDlForQdImp::IpcThreadFunc begin...
[35][74][08:21:26.484]CDlForQdImp::FetchConfig, bNeedFetch=1
[35][74][08:21:26.497]CHttpDownloadImp::Download, url=http://c.gj.qq.com/packconfig?serviceid=7002&clientver=487514672548225417&gjguid=222d8af8a699145b4a333f7308f96025&check=1661009920&livetime=0, destPath=C:\users\gujiawei\Temp\d16a.tmp
[35][74][08:21:26.497]Support Winhttp
[35][74][08:21:26.498]CHttpDownloadImp::Download CreateWindowEx failed
[35][78][08:21:26.499]CWinHttpFile::Close
[35][78][08:21:27.544]WinHttpQueryHeaders file size:1096
[35][78][08:21:27.544]CWinHttpFile::Open return: 1
[35][79][08:21:27.544]AsyncCallback WINHTTP_CALLBACK_STATUS_HANDLE_CLOSING
[35][78][08:21:27.644]CWinHttpFile::Close
[35][78][08:21:27.645] CHttpDownloadImp::WorkThread success POST MSG_DOWNLOAD_COMPLETE, ERR = 0.
[35][77][08:21:46.440]Receive Pipe ipc Event
[35][74][08:21:46.484]CDlForQdImp::OnLoadLocalSvrPlugin Enter.
[35][74][08:21:46.484]CDlForQdImp::OnLoadLocalSvrPlugin LocalSvrPlugin init.
[35][45][08:22:35.095]CDlForQdImp::Stop
[35][74][08:22:35.095]CDlForQdImp::StopImpl
[35][74][08:22:35.095]CWinHttpFile::Close
[35][74][08:22:35.095]CWinHttpFile::Close
[35][74][08:22:35.095]QD LocalSvrPlugin Uninit.
[35][76][08:22:35.096]CDlForQdImp::IpcThreadFunc end...
