[35][45][14:28:35.547]CDlForQdImp::Start, dwCustomId=2
[35][69][14:28:35.547]CDlForQdImp::StartImpl
[35][71][14:28:35.552]CDlForQdImp::IpcThreadFunc begin...
[35][69][14:28:35.553]CDlForQdImp::FetchConfig, bNeedFetch=1
[35][69][14:28:35.562]CHttpDownloadImp::Download, url=http://c.gj.qq.com/packconfig?serviceid=7002&clientver=487514672548225417&gjguid=222d8af8a699145b4a333f7308f96025&check=1661009920&livetime=0, destPath=C:\users\gujiawei\Temp\1de1.tmp
[35][69][14:28:35.563]Support Winhttp
[35][69][14:28:35.563]CHttpDownloadImp::Download CreateWindowEx failed
[35][73][14:28:35.563]CWinHttpFile::Close
[35][73][14:28:37.168]WinHttpQueryHeaders file size:1096
[35][73][14:28:37.168]CWinHttpFile::Open return: 1
[35][73][14:28:37.169]AsyncCallback WINHTTP_CALLBACK_STATUS_HANDLE_CLOSING
[35][73][14:28:37.269]CWinHttpFile::Close
[35][73][14:28:37.269] CHttpDownloadImp::WorkThread success POST MSG_DOWNLOAD_COMPLETE, ERR = 0.
[35][69][14:28:55.553]CDlForQdImp::OnLoadLocalSvrPlugin Enter.
[35][69][14:28:55.553]CDlForQdImp::OnLoadLocalSvrPlugin LocalSvrPlugin init.
[35][72][14:28:55.583]Receive Pipe ipc Event
[35][69][14:33:35.553]CDlForQdImp::OnTimer, nFixSid=0
[35][45][14:36:49.476]CDlForQdImp::Stop
[35][69][14:36:49.476]CDlForQdImp::StopImpl
[35][69][14:36:49.476]CWinHttpFile::Close
[35][69][14:36:49.476]CWinHttpFile::Close
[35][69][14:36:49.476]QD LocalSvrPlugin Uninit.
[35][71][14:36:49.476]CDlForQdImp::IpcThreadFunc end...
