[35][45][16:34:17.689]CDlForQdImp::Start, dwCustomId=2
[35][69][16:34:17.689]CDlForQdImp::StartImpl
[35][71][16:34:17.693]CDlForQdImp::IpcThreadFunc begin...
[35][69][16:34:17.694]CDlForQdImp::FetchConfig, bNeedFetch=1
[35][69][16:34:17.702]CHttpDownloadImp::Download, url=http://c.gj.qq.com/packconfig?serviceid=7002&clientver=487514672548225417&gjguid=222d8af8a699145b4a333f7308f96025&check=1661009920&livetime=0, destPath=C:\users\gujiawei\Temp\4c11.tmp
[35][69][16:34:17.702]Support Winhttp
[35][69][16:34:17.702]CHttpDownloadImp::Download CreateWindowEx failed
[35][73][16:34:17.703]CWinHttpFile::Close
[35][73][16:34:19.269]WinHttpQueryHeaders file size:1096
[35][73][16:34:19.269]CWinHttpFile::Open return: 1
[35][73][16:34:19.269]AsyncCallback WINHTTP_CALLBACK_STATUS_HANDLE_CLOSING
[35][73][16:34:19.370]CWinHttpFile::Close
[35][73][16:34:19.370] CHttpDownloadImp::WorkThread success POST MSG_DOWNLOAD_COMPLETE, ERR = 0.
[35][69][16:34:37.694]CDlForQdImp::OnLoadLocalSvrPlugin Enter.
[35][69][16:34:37.694]CDlForQdImp::OnLoadLocalSvrPlugin LocalSvrPlugin init.
[35][72][16:34:37.729]Receive Pipe ipc Event
[35][45][16:34:59.683]CDlForQdImp::Stop
[35][69][16:34:59.683]CDlForQdImp::StopImpl
[35][69][16:34:59.683]CWinHttpFile::Close
[35][69][16:34:59.683]CWinHttpFile::Close
[35][69][16:34:59.683]QD LocalSvrPlugin Uninit.
[35][71][16:34:59.685]CDlForQdImp::IpcThreadFunc end...
