[35][45][15:05:22.998]CDlForQdImp::Start, dwCustomId=2
[35][70][15:05:22.999]CDlForQdImp::StartImpl
[35][72][15:05:23.003]CDlForQdImp::IpcThreadFunc begin...
[35][70][15:05:23.003]CDlForQdImp::FetchConfig, bNeedFetch=1
[35][70][15:05:23.009]CHttpDownloadImp::Download, url=http://c.gj.qq.com/packconfig?serviceid=7002&clientver=487514672548225417&gjguid=222d8af8a699145b4a333f7308f96025&check=1661009920&livetime=0, destPath=C:\users\gujiawei\Temp\e565.tmp
[35][70][15:05:23.009]Support Winhttp
[35][70][15:05:23.009]CHttpDownloadImp::Download CreateWindowEx failed
[35][74][15:05:23.009]CWinHttpFile::Close
[35][74][15:05:24.449]WinHttpQueryHeaders file size:1096
[35][74][15:05:24.449]CWinHttpFile::Open return: 1
[35][75][15:05:24.449]AsyncCallback WINHTTP_CALLBACK_STATUS_HANDLE_CLOSING
[35][74][15:05:24.550]CWinHttpFile::Close
[35][74][15:05:24.550] CHttpDownloadImp::WorkThread success POST MSG_DOWNLOAD_COMPLETE, ERR = 0.
[35][70][15:05:43.003]CDlForQdImp::OnLoadLocalSvrPlugin Enter.
[35][70][15:05:43.003]CDlForQdImp::OnLoadLocalSvrPlugin LocalSvrPlugin init.
[35][73][15:05:43.052]Receive Pipe ipc Event
[35][45][15:06:03.616]CDlForQdImp::Stop
[35][70][15:06:03.616]CDlForQdImp::StopImpl
[35][70][15:06:03.616]CWinHttpFile::Close
[35][70][15:06:03.616]CWinHttpFile::Close
[35][70][15:06:03.616]QD LocalSvrPlugin Uninit.
[35][72][15:06:03.616]CDlForQdImp::IpcThreadFunc end...
