[35][45][09:06:41.278]CDlForQdImp::Start, dwCustomId=2
[35][69][09:06:41.278]CDlForQdImp::StartImpl
[35][71][09:06:41.282]CDlForQdImp::IpcThreadFunc begin...
[35][69][09:06:41.283]CDlForQdImp::FetchConfig, bNeedFetch=1
[35][69][09:06:41.289]CHttpDownloadImp::Download, url=http://c.gj.qq.com/packconfig?serviceid=7002&clientver=487514672548225417&gjguid=222d8af8a699145b4a333f7308f96025&check=1661009920&livetime=0, destPath=C:\users\gujiawei\Temp\6721.tmp
[35][69][09:06:41.289]Support Winhttp
[35][69][09:06:41.289]CHttpDownloadImp::Download CreateWindowEx failed
[35][73][09:06:41.289]CWinHttpFile::Close
[35][73][09:06:42.628]WinHttpQueryHeaders file size:1096
[35][73][09:06:42.628]CWinHttpFile::Open return: 1
[35][74][09:06:42.628]AsyncCallback WINHTTP_CALLBACK_STATUS_HANDLE_CLOSING
[35][73][09:06:42.729]CWinHttpFile::Close
[35][73][09:06:42.729] CHttpDownloadImp::WorkThread success POST MSG_DOWNLOAD_COMPLETE, ERR = 0.
[35][69][09:07:01.283]CDlForQdImp::OnLoadLocalSvrPlugin Enter.
[35][69][09:07:01.283]CDlForQdImp::OnLoadLocalSvrPlugin LocalSvrPlugin init.
[35][72][09:07:01.334]Receive Pipe ipc Event
[35][45][09:07:58.628]CDlForQdImp::Stop
[35][69][09:07:58.628]CDlForQdImp::StopImpl
[35][69][09:07:58.628]CWinHttpFile::Close
[35][69][09:07:58.628]CWinHttpFile::Close
[35][69][09:07:58.628]QD LocalSvrPlugin Uninit.
[35][71][09:07:58.629]CDlForQdImp::IpcThreadFunc end...
