[35][45][15:28:40.464]CDlForQdImp::Start, dwCustomId=2
[35][69][15:28:40.471]CDlForQdImp::StartImpl
[35][71][15:28:40.504]CDlForQdImp::IpcThreadFunc begin...
[35][69][15:28:40.504]CDlForQdImp::FetchConfig, bNeedFetch=1
[35][69][15:28:40.511]CHttpDownloadImp::Download, url=http://c.gj.qq.com/packconfig?serviceid=7002&clientver=487514672548225417&gjguid=222d8af8a699145b4a333f7308f96025&check=1661009920&livetime=0, destPath=C:\users\gujiawei\Temp\cde6.tmp
[35][69][15:28:40.511]Support Winhttp
[35][69][15:28:40.511]CHttpDownloadImp::Download CreateWindowEx failed
[35][73][15:28:40.512]CWinHttpFile::Close
[35][73][15:28:43.050]WinHttpQueryHeaders file size:1096
[35][73][15:28:43.050]CWinHttpFile::Open return: 1
[35][74][15:28:43.051]AsyncCallback WINHTTP_CALLBACK_STATUS_HANDLE_CLOSING
[35][73][15:28:43.151]CWinHttpFile::Close
[35][73][15:28:43.151] CHttpDownloadImp::WorkThread success POST MSG_DOWNLOAD_COMPLETE, ERR = 0.
[35][72][15:29:00.486]Receive Pipe ipc Event
[35][69][15:29:00.504]CDlForQdImp::OnLoadLocalSvrPlugin Enter.
[35][69][15:29:00.504]CDlForQdImp::OnLoadLocalSvrPlugin LocalSvrPlugin init.
[35][45][15:32:11.216]CDlForQdImp::Stop
[35][69][15:32:11.216]CDlForQdImp::StopImpl
[35][69][15:32:11.216]CWinHttpFile::Close
[35][69][15:32:11.216]CWinHttpFile::Close
[35][69][15:32:11.216]QD LocalSvrPlugin Uninit.
[35][71][15:32:11.217]CDlForQdImp::IpcThreadFunc end...
