[35][45][10:59:14.798]CDlForQdImp::Start, dwCustomId=2
[35][70][10:59:14.798]CDlForQdImp::StartImpl
[35][72][10:59:14.815]CDlForQdImp::IpcThreadFunc begin...
[35][70][10:59:14.816]CDlForQdImp::FetchConfig, bNeedFetch=1
[35][70][10:59:14.823]CHttpDownloadImp::Download, url=http://c.gj.qq.com/packconfig?serviceid=7002&clientver=487514672548225417&gjguid=222d8af8a699145b4a333f7308f96025&check=1661009920&livetime=0, destPath=C:\users\gujiawei\Temp\8d53.tmp
[35][70][10:59:14.823]Support Winhttp
[35][70][10:59:14.824]CHttpDownloadImp::Download CreateWindowEx failed
[35][74][10:59:14.824]CWinHttpFile::Close
[35][74][10:59:17.104]WinHttpQueryHeaders file size:1096
[35][74][10:59:17.104]CWinHttpFile::Open return: 1
[35][74][10:59:17.105]AsyncCallback WINHTTP_CALLBACK_STATUS_HANDLE_CLOSING
[35][74][10:59:17.205]CWinHttpFile::Close
[35][74][10:59:17.206] CHttpDownloadImp::WorkThread success POST MSG_DOWNLOAD_COMPLETE, ERR = 0.
[35][70][10:59:34.817]CDlForQdImp::OnLoadLocalSvrPlugin Enter.
[35][70][10:59:34.817]CDlForQdImp::OnLoadLocalSvrPlugin LocalSvrPlugin init.
[35][73][10:59:34.854]Receive Pipe ipc Event
[35][70][11:04:14.816]CDlForQdImp::OnTimer, nFixSid=0
[35][45][11:04:32.065]CDlForQdImp::Stop
[35][70][11:04:32.065]CDlForQdImp::StopImpl
[35][70][11:04:32.065]CWinHttpFile::Close
[35][70][11:04:32.065]CWinHttpFile::Close
[35][70][11:04:32.065]QD LocalSvrPlugin Uninit.
[35][72][11:04:32.066]CDlForQdImp::IpcThreadFunc end...
