[35][45][15:44:15.792]CDlForQdImp::Start, dwCustomId=2
[35][66][15:44:15.793]CDlForQdImp::StartImpl
[35][68][15:44:15.797]CDlForQdImp::IpcThreadFunc begin...
[35][66][15:44:15.798]CDlForQdImp::FetchConfig, bNeedFetch=1
[35][66][15:44:15.833]CHttpDownloadImp::Download, url=http://c.gj.qq.com/packconfig?serviceid=7002&clientver=487514672548225417&gjguid=222d8af8a699145b4a333f7308f96025&check=1661009920&livetime=0, destPath=C:\users\gujiawei\Temp\650f.tmp
[35][66][15:44:15.833]Support Winhttp
[35][66][15:44:15.834]CHttpDownloadImp::Download CreateWindowEx failed
[35][70][15:44:15.835]CWinHttpFile::Close
[35][70][15:44:17.155]WinHttpQueryHeaders file size:1096
[35][70][15:44:17.155]CWinHttpFile::Open return: 1
[35][70][15:44:17.155]AsyncCallback WINHTTP_CALLBACK_STATUS_HANDLE_CLOSING
[35][70][15:44:17.256]CWinHttpFile::Close
[35][70][15:44:17.256] CHttpDownloadImp::WorkThread success POST MSG_DOWNLOAD_COMPLETE, ERR = 0.
[35][66][15:44:35.799]CDlForQdImp::OnLoadLocalSvrPlugin Enter.
[35][66][15:44:35.799]CDlForQdImp::OnLoadLocalSvrPlugin LocalSvrPlugin init.
[35][69][15:44:35.830]Receive Pipe ipc Event
[35][45][15:48:56.227]CDlForQdImp::Stop
[35][66][15:48:56.227]CDlForQdImp::StopImpl
[35][66][15:48:56.227]CWinHttpFile::Close
[35][66][15:48:56.227]CWinHttpFile::Close
[35][66][15:48:56.227]QD LocalSvrPlugin Uninit.
[35][68][15:48:56.228]CDlForQdImp::IpcThreadFunc end...
