[35][45][10:32:51.351]CDlForQdImp::Start, dwCustomId=2
[35][66][10:32:51.352]CDlForQdImp::StartImpl
[35][68][10:32:51.357]CDlForQdImp::IpcThreadFunc begin...
[35][66][10:32:51.357]CDlForQdImp::FetchConfig, bNeedFetch=1
[35][66][10:32:51.388]CHttpDownloadImp::Download, url=http://c.gj.qq.com/packconfig?serviceid=7002&clientver=487514672548225417&gjguid=222d8af8a699145b4a333f7308f96025&check=1661009920&livetime=0, destPath=C:\users\gujiawei\Temp\63dc.tmp
[35][66][10:32:51.388]Support Winhttp
[35][66][10:32:51.388]CHttpDownloadImp::Download CreateWindowEx failed
[35][70][10:32:51.388]CWinHttpFile::Close
[35][66][10:33:11.358]CDlForQdImp::OnLoadLocalSvrPlugin Enter.
[35][66][10:33:11.358]CDlForQdImp::OnLoadLocalSvrPlugin LocalSvrPlugin init.
[35][69][10:33:11.410]Receive Pipe ipc Event
[35][70][10:33:22.902]WinHttpQueryHeaders file size:1096
[35][70][10:33:22.902]CWinHttpFile::Open return: 1
[35][70][10:33:22.903]AsyncCallback WINHTTP_CALLBACK_STATUS_HANDLE_CLOSING
[35][70][10:33:23.003]CWinHttpFile::Close
[35][70][10:33:23.018] CHttpDownloadImp::WorkThread success POST MSG_DOWNLOAD_COMPLETE, ERR = 6.
[35][45][10:34:39.190]CDlForQdImp::Stop
[35][66][10:34:39.190]CDlForQdImp::StopImpl
[35][66][10:34:39.190]CWinHttpFile::Close
[35][66][10:34:39.190]CWinHttpFile::Close
[35][66][10:34:39.190]QD LocalSvrPlugin Uninit.
[35][68][10:34:39.191]CDlForQdImp::IpcThreadFunc end...
