[35][45][09:01:36.559]CDlForQdImp::Start, dwCustomId=2
[35][81][09:01:36.559]CDlForQdImp::StartImpl
[35][83][09:01:36.590]CDlForQdImp::IpcThreadFunc begin...
[35][81][09:01:36.592]CDlForQdImp::FetchConfig, bNeedFetch=1
[35][81][09:01:36.605]CHttpDownloadImp::Download, url=http://c.gj.qq.com/packconfig?serviceid=7002&clientver=487514672548225417&gjguid=222d8af8a699145b4a333f7308f96025&check=1661009920&livetime=0, destPath=C:\users\gujiawei\Temp\c0ee.tmp
[35][81][09:01:36.605]Support Winhttp
[35][81][09:01:36.605]CHttpDownloadImp::Download CreateWindowEx failed
[35][85][09:01:36.606]CWinHttpFile::Close
[35][85][09:01:37.649]WinHttpQueryHeaders file size:1096
[35][85][09:01:37.649]CWinHttpFile::Open return: 1
[35][85][09:01:37.650]AsyncCallback WINHTTP_CALLBACK_STATUS_HANDLE_CLOSING
[35][85][09:01:37.750]CWinHttpFile::Close
[35][85][09:01:37.751] CHttpDownloadImp::WorkThread success POST MSG_DOWNLOAD_COMPLETE, ERR = 0.
[35][84][09:01:56.577]Receive Pipe ipc Event
[35][81][09:01:56.592]CDlForQdImp::OnLoadLocalSvrPlugin Enter.
[35][81][09:01:56.592]CDlForQdImp::OnLoadLocalSvrPlugin LocalSvrPlugin init.
[35][45][09:03:02.354]CDlForQdImp::Stop
[35][81][09:03:02.354]CDlForQdImp::StopImpl
[35][81][09:03:02.354]CWinHttpFile::Close
[35][81][09:03:02.355]CWinHttpFile::Close
[35][81][09:03:02.355]QD LocalSvrPlugin Uninit.
[35][83][09:03:02.355]CDlForQdImp::IpcThreadFunc end...
