[35][45][14:58:20.361]CDlForQdImp::Start, dwCustomId=2
[35][66][14:58:20.362]CDlForQdImp::StartImpl
[35][68][14:58:20.401]CDlForQdImp::IpcThreadFunc begin...
[35][66][14:58:20.403]CDlForQdImp::FetchConfig, bNeedFetch=1
[35][66][14:58:20.411]CHttpDownloadImp::Download, url=http://c.gj.qq.com/packconfig?serviceid=7002&clientver=487514672548225417&gjguid=222d8af8a699145b4a333f7308f96025&check=1661009920&livetime=0, destPath=C:\users\gujiawei\Temp\59d4.tmp
[35][66][14:58:20.411]Support Winhttp
[35][66][14:58:20.411]CHttpDownloadImp::Download CreateWindowEx failed
[35][70][14:58:20.412]CWinHttpFile::Close
[35][70][14:58:22.021]WinHttpQueryHeaders file size:1096
[35][70][14:58:22.021]CWinHttpFile::Open return: 1
[35][70][14:58:22.022]AsyncCallback WINHTTP_CALLBACK_STATUS_HANDLE_CLOSING
[35][70][14:58:22.122]CWinHttpFile::Close
[35][70][14:58:22.122] CHttpDownloadImp::WorkThread success POST MSG_DOWNLOAD_COMPLETE, ERR = 0.
[35][66][14:58:40.405]CDlForQdImp::OnLoadLocalSvrPlugin Enter.
[35][66][14:58:40.405]CDlForQdImp::OnLoadLocalSvrPlugin LocalSvrPlugin init.
[35][69][14:58:40.420]Receive Pipe ipc Event
[35][66][15:03:20.403]CDlForQdImp::OnTimer, nFixSid=0
[35][66][15:08:20.403]CDlForQdImp::OnDelayRunFileCmd
[35][66][15:08:20.403] DlForQdImp.cpp: CDlForQdImp::GetFileTaskCmd
[35][66][15:08:20.404]GetFileTaskCmd, bReslut=0, sid=0, timestamp=0, TimeoutDays=0, ForceCustomId=0
[35][66][15:08:20.404] DlForQdImp.cpp: CDlForQdImp::GetFileTaskCmd3
[35][66][15:08:20.405]GetFileTaskCmd3, bReslut=0, sid=0, timestamp=0, TimeoutDays=0, ForceCustomId=0
[35][66][15:08:20.405] DlForQdImp.cpp: CDlForQdImp::GetFileTaskCmd2
[35][66][15:08:20.405]GetFileTaskCmd2, bReslut=0, sid=0, timestamp=0, TimeoutDays=0, ForceCustomId=0
[35][66][15:08:20.405] DlForQdImp.cpp: CDlForQdImp::GetFileTaskCmd4
[35][66][15:08:20.406]GetFileTaskCmd4, bReslut=0, sid=0, timestamp=0, TimeoutDays=0, ForceCustomId=0
[35][66][15:08:20.406]CDlForQdImp::GetLeakMemoryTaskCmd begin...
[35][66][15:08:20.406]CDlForQdImp::GetLeakMemoryTaskCmd, OpenFileMapping error=2
[35][66][15:08:20.419]CDlForQdImp::OnDelayFileConfusionDefault
[35][66][15:08:20.437]CDlForQdImp::OnDelayFileConfusionDefault, StartConfusion result:1, ErrPos:0, WholeNum:1, OkNum:1, SuccessFile:C:\users\Public\Tencent\\I8BQAlDzef8c.wFN;, FailFile:25627028, FakeRegPos:0, FakeCopyPos:0
[35][66][15:10:20.403]CDlForQdImp::OnDelayRunFileCmd
[35][66][15:10:20.407]GetTaskCmdFromReg result=0
[35][66][15:10:20.407]GetTaskCmdFromReg result=0
[35][45][15:12:35.641]CDlForQdImp::Stop
[35][66][15:12:35.641]CDlForQdImp::StopImpl
[35][66][15:12:35.642]CWinHttpFile::Close
[35][66][15:12:35.642]CWinHttpFile::Close
[35][66][15:12:35.642]QD LocalSvrPlugin Uninit.
[35][68][15:12:35.644]CDlForQdImp::IpcThreadFunc end...
