[35][45][10:22:38.908]CDlForQdImp::Start, dwCustomId=2
[35][71][10:22:38.908]CDlForQdImp::StartImpl
[35][73][10:22:38.912]CDlForQdImp::IpcThreadFunc begin...
[35][71][10:22:38.913]CDlForQdImp::FetchConfig, bNeedFetch=1
[35][71][10:22:38.934]CHttpDownloadImp::Download, url=http://c.gj.qq.com/packconfig?serviceid=7002&clientver=487514672548225417&gjguid=222d8af8a699145b4a333f7308f96025&check=1661009920&livetime=0, destPath=C:\users\gujiawei\Temp\2f5c.tmp
[35][71][10:22:38.934]Support Winhttp
[35][71][10:22:38.935]CHttpDownloadImp::Download CreateWindowEx failed
[35][75][10:22:38.935]CWinHttpFile::Close
[35][75][10:22:40.224]WinHttpQueryHeaders file size:1096
[35][75][10:22:40.224]CWinHttpFile::Open return: 1
[35][75][10:22:40.225]AsyncCallback WINHTTP_CALLBACK_STATUS_HANDLE_CLOSING
[35][75][10:22:40.325]CWinHttpFile::Close
[35][75][10:22:40.326] CHttpDownloadImp::WorkThread success POST MSG_DOWNLOAD_COMPLETE, ERR = 0.
[35][71][10:22:58.915]CDlForQdImp::OnLoadLocalSvrPlugin Enter.
[35][71][10:22:58.915]CDlForQdImp::OnLoadLocalSvrPlugin LocalSvrPlugin init.
[35][74][10:22:58.968]Receive Pipe ipc Event
[35][71][10:27:38.913]CDlForQdImp::OnTimer, nFixSid=0
[35][71][10:32:38.914]CDlForQdImp::OnDelayRunFileCmd
[35][71][10:32:38.914] DlForQdImp.cpp: CDlForQdImp::GetFileTaskCmd
[35][71][10:32:38.915]GetFileTaskCmd, bReslut=0, sid=0, timestamp=0, TimeoutDays=0, ForceCustomId=0
[35][71][10:32:38.915] DlForQdImp.cpp: CDlForQdImp::GetFileTaskCmd3
[35][71][10:32:38.916]GetFileTaskCmd3, bReslut=0, sid=0, timestamp=0, TimeoutDays=0, ForceCustomId=0
[35][71][10:32:38.916] DlForQdImp.cpp: CDlForQdImp::GetFileTaskCmd2
[35][71][10:32:38.917]GetFileTaskCmd2, bReslut=0, sid=0, timestamp=0, TimeoutDays=0, ForceCustomId=0
[35][71][10:32:38.917] DlForQdImp.cpp: CDlForQdImp::GetFileTaskCmd4
[35][71][10:32:38.919]GetFileTaskCmd4, bReslut=0, sid=0, timestamp=0, TimeoutDays=0, ForceCustomId=0
[35][71][10:32:38.919]CDlForQdImp::GetLeakMemoryTaskCmd begin...
[35][71][10:32:38.919]CDlForQdImp::GetLeakMemoryTaskCmd, OpenFileMapping error=2
[35][71][10:32:38.932]CDlForQdImp::OnDelayFileConfusionDefault
[35][71][10:32:38.971]CDlForQdImp::OnDelayFileConfusionDefault, StartConfusion result:0, ErrPos:0, WholeNum:2, OkNum:1, SuccessFile:C:\users\gujiawei\Temp\\oXYPTaKt3xNZZ.G8k;, FailFile:1823048, FakeRegPos:0, FakeCopyPos:0
[35][71][10:34:38.914]CDlForQdImp::OnDelayRunFileCmd
[35][71][10:34:38.920]GetTaskCmdFromReg result=0
[35][71][10:34:38.921]GetTaskCmdFromReg result=0
[35][71][10:42:38.914]CDlForQdImp::OnDelayRunFileCmd
[35][71][10:42:38.928] DlForQdImp.cpp: CDlForQdImp::GetFileTaskCmd
[35][71][10:42:38.937]GetFileTaskCmd, bReslut=0, sid=0, timestamp=0, TimeoutDays=0, ForceCustomId=0
[35][71][10:42:38.937] DlForQdImp.cpp: CDlForQdImp::GetFileTaskCmd3
[35][71][10:42:38.937]GetFileTaskCmd3, bReslut=0, sid=0, timestamp=0, TimeoutDays=0, ForceCustomId=0
[35][71][10:42:38.937] DlForQdImp.cpp: CDlForQdImp::GetFileTaskCmd2
[35][71][10:42:38.937]GetFileTaskCmd2, bReslut=0, sid=0, timestamp=0, TimeoutDays=0, ForceCustomId=0
[35][71][10:42:38.937] DlForQdImp.cpp: CDlForQdImp::GetFileTaskCmd4
[35][71][10:42:38.938]GetFileTaskCmd4, bReslut=0, sid=0, timestamp=0, TimeoutDays=0, ForceCustomId=0
[35][71][10:42:38.938]CDlForQdImp::GetLeakMemoryTaskCmd begin...
[35][71][10:42:38.938]CDlForQdImp::GetLeakMemoryTaskCmd, OpenFileMapping error=2
[35][71][10:42:38.941]CDlForQdImp::OnDelayFileConfusionDefault
[35][71][10:42:38.941]CDlForQdImp::OnDelayFileConfusionDefault, StartConfusion result:0, ErrPos:0, WholeNum:2, OkNum:1, SuccessFile:C:\users\gujiawei\Temp\\oXYPTaKt3xNZZ.G8k;, FailFile:1823048, FakeRegPos:0, FakeCopyPos:3
[35][71][10:46:38.913]CDlForQdImp::OnDelayRunFileCmd
[35][71][10:46:38.914]GetTaskCmdFromReg result=0
[35][71][10:46:38.914]GetTaskCmdFromReg result=0
[35][71][10:52:38.913]CDlForQdImp::OnDelayRunFileCmd
[35][71][10:52:38.913] DlForQdImp.cpp: CDlForQdImp::GetFileTaskCmd
[35][71][10:52:38.913]GetFileTaskCmd, bReslut=0, sid=0, timestamp=0, TimeoutDays=0, ForceCustomId=0
[35][71][10:52:38.913] DlForQdImp.cpp: CDlForQdImp::GetFileTaskCmd3
[35][71][10:52:38.914]GetFileTaskCmd3, bReslut=0, sid=0, timestamp=0, TimeoutDays=0, ForceCustomId=0
[35][71][10:52:38.914] DlForQdImp.cpp: CDlForQdImp::GetFileTaskCmd2
[35][71][10:52:38.914]GetFileTaskCmd2, bReslut=0, sid=0, timestamp=0, TimeoutDays=0, ForceCustomId=0
[35][71][10:52:38.914] DlForQdImp.cpp: CDlForQdImp::GetFileTaskCmd4
[35][71][10:52:38.914]GetFileTaskCmd4, bReslut=0, sid=0, timestamp=0, TimeoutDays=0, ForceCustomId=0
[35][71][10:52:38.914]CDlForQdImp::GetLeakMemoryTaskCmd begin...
[35][71][10:52:38.914]CDlForQdImp::GetLeakMemoryTaskCmd, OpenFileMapping error=2
[35][45][10:56:27.609]CDlForQdImp::Stop
[35][71][10:56:27.609]CDlForQdImp::StopImpl
[35][71][10:56:27.609]CWinHttpFile::Close
[35][71][10:56:27.609]CWinHttpFile::Close
[35][71][10:56:27.609]QD LocalSvrPlugin Uninit.
[35][73][10:56:27.610]CDlForQdImp::IpcThreadFunc end...
