[35][45][10:39:47.199]CDlForQdImp::Start, dwCustomId=2
[35][66][10:39:47.200]CDlForQdImp::StartImpl
[35][68][10:39:47.203]CDlForQdImp::IpcThreadFunc begin...
[35][66][10:39:47.203]CDlForQdImp::FetchConfig, bNeedFetch=1
[35][66][10:39:47.224]CHttpDownloadImp::Download, url=http://c.gj.qq.com/packconfig?serviceid=7002&clientver=487514672548225417&gjguid=222d8af8a699145b4a333f7308f96025&check=1661009920&livetime=0, destPath=C:\users\gujiawei\Temp\bc47.tmp
[35][66][10:39:47.224]Support Winhttp
[35][66][10:39:47.224]CHttpDownloadImp::Download CreateWindowEx failed
[35][70][10:39:47.224]CWinHttpFile::Close
[35][70][10:39:48.622]WinHttpQueryHeaders file size:1096
[35][70][10:39:48.622]CWinHttpFile::Open return: 1
[35][70][10:39:48.622]AsyncCallback WINHTTP_CALLBACK_STATUS_HANDLE_CLOSING
[35][70][10:39:48.723]CWinHttpFile::Close
[35][70][10:39:48.723] CHttpDownloadImp::WorkThread success POST MSG_DOWNLOAD_COMPLETE, ERR = 0.
[35][66][10:40:07.204]CDlForQdImp::OnLoadLocalSvrPlugin Enter.
[35][66][10:40:07.204]CDlForQdImp::OnLoadLocalSvrPlugin LocalSvrPlugin init.
[35][69][10:40:07.262]Receive Pipe ipc Event
[35][66][10:44:47.203]CDlForQdImp::OnTimer, nFixSid=0
[35][45][10:49:18.901]CDlForQdImp::Stop
[35][66][10:49:18.901]CDlForQdImp::StopImpl
[35][66][10:49:18.901]CWinHttpFile::Close
[35][66][10:49:18.901]CWinHttpFile::Close
[35][66][10:49:18.901]QD LocalSvrPlugin Uninit.
[35][68][10:49:18.902]CDlForQdImp::IpcThreadFunc end...
