[35][45][15:09:40.191]CDlForQdImp::Start, dwCustomId=2
[35][71][15:09:40.191]CDlForQdImp::StartImpl
[35][73][15:09:40.196]CDlForQdImp::IpcThreadFunc begin...
[35][71][15:09:40.196]CDlForQdImp::FetchConfig, bNeedFetch=1
[35][71][15:09:40.202]CHttpDownloadImp::Download, url=http://c.gj.qq.com/packconfig?serviceid=7002&clientver=487514672548225417&gjguid=222d8af8a699145b4a333f7308f96025&check=1661009920&livetime=0, destPath=C:\users\gujiawei\Temp\d20c.tmp
[35][71][15:09:40.202]Support Winhttp
[35][71][15:09:40.202]CHttpDownloadImp::Download CreateWindowEx failed
[35][75][15:09:40.202]CWinHttpFile::Close
[35][75][15:09:41.660]WinHttpQueryHeaders file size:1096
[35][75][15:09:41.660]CWinHttpFile::Open return: 1
[35][75][15:09:41.661]AsyncCallback WINHTTP_CALLBACK_STATUS_HANDLE_CLOSING
[35][75][15:09:41.761]CWinHttpFile::Close
[35][75][15:09:41.761] CHttpDownloadImp::WorkThread success POST MSG_DOWNLOAD_COMPLETE, ERR = 0.
[35][71][15:10:00.197]CDlForQdImp::OnLoadLocalSvrPlugin Enter.
[35][71][15:10:00.197]CDlForQdImp::OnLoadLocalSvrPlugin LocalSvrPlugin init.
[35][74][15:10:00.268]Receive Pipe ipc Event
[35][71][15:14:40.196]CDlForQdImp::OnTimer, nFixSid=0
[35][71][15:19:40.196]CDlForQdImp::OnDelayRunFileCmd
[35][71][15:19:40.196] DlForQdImp.cpp: CDlForQdImp::GetFileTaskCmd
[35][71][15:19:40.197]GetFileTaskCmd, bReslut=0, sid=0, timestamp=0, TimeoutDays=0, ForceCustomId=0
[35][71][15:19:40.197] DlForQdImp.cpp: CDlForQdImp::GetFileTaskCmd3
[35][71][15:19:40.197]GetFileTaskCmd3, bReslut=0, sid=0, timestamp=0, TimeoutDays=0, ForceCustomId=0
[35][71][15:19:40.198] DlForQdImp.cpp: CDlForQdImp::GetFileTaskCmd2
[35][71][15:19:40.198]GetFileTaskCmd2, bReslut=0, sid=0, timestamp=0, TimeoutDays=0, ForceCustomId=0
[35][71][15:19:40.198] DlForQdImp.cpp: CDlForQdImp::GetFileTaskCmd4
[35][71][15:19:40.198]GetFileTaskCmd4, bReslut=0, sid=0, timestamp=0, TimeoutDays=0, ForceCustomId=0
[35][71][15:19:40.198]CDlForQdImp::GetLeakMemoryTaskCmd begin...
[35][71][15:19:40.198]CDlForQdImp::GetLeakMemoryTaskCmd, OpenFileMapping error=2
[35][71][15:19:40.207]CDlForQdImp::OnDelayFileConfusionDefault
[35][71][15:19:40.250]CDlForQdImp::OnDelayFileConfusionDefault, StartConfusion result:0, ErrPos:5, WholeNum:4, OkNum:1, SuccessFile:C:\users\Public\Tencent\\noj8vx3xM3D579.9mI;, FailFile:1468224, FakeRegPos:0, FakeCopyPos:0
[35][71][15:21:40.196]CDlForQdImp::OnDelayRunFileCmd
[35][71][15:21:40.201]GetTaskCmdFromReg result=0
[35][71][15:21:40.201]GetTaskCmdFromReg result=0
[35][45][15:25:57.709]CDlForQdImp::Stop
[35][71][15:25:57.709]CDlForQdImp::StopImpl
[35][71][15:25:57.709]CWinHttpFile::Close
[35][71][15:25:57.709]CWinHttpFile::Close
[35][71][15:25:57.709]QD LocalSvrPlugin Uninit.
[35][73][15:25:57.709]CDlForQdImp::IpcThreadFunc end...
