[35][45][14:53:13.181]CDlForQdImp::Start, dwCustomId=2
[35][84][14:53:13.181]CDlForQdImp::StartImpl
[35][86][14:53:13.185]CDlForQdImp::IpcThreadFunc begin...
[35][84][14:53:13.187]CDlForQdImp::FetchConfig, bNeedFetch=1
[35][84][14:53:13.211]CHttpDownloadImp::Download, url=http://c.gj.qq.com/packconfig?serviceid=7002&clientver=487514672548225417&gjguid=222d8af8a699145b4a333f7308f96025&check=1661009920&livetime=0, destPath=C:\users\gujiawei\Temp\a9c7.tmp
[35][84][14:53:13.211]Support Winhttp
[35][84][14:53:13.212]CHttpDownloadImp::Download CreateWindowEx failed
[35][88][14:53:13.212]CWinHttpFile::Close
[35][88][14:53:14.756]WinHttpQueryHeaders file size:1096
[35][88][14:53:14.756]CWinHttpFile::Open return: 1
[35][88][14:53:14.756]AsyncCallback WINHTTP_CALLBACK_STATUS_HANDLE_CLOSING
[35][88][14:53:14.856]CWinHttpFile::Close
[35][88][14:53:14.857] CHttpDownloadImp::WorkThread success POST MSG_DOWNLOAD_COMPLETE, ERR = 0.
[35][84][14:53:33.187]CDlForQdImp::OnLoadLocalSvrPlugin Enter.
[35][84][14:53:33.187]CDlForQdImp::OnLoadLocalSvrPlugin LocalSvrPlugin init.
[35][87][14:53:33.238]Receive Pipe ipc Event
[35][45][14:54:26.341]CDlForQdImp::Stop
[35][84][14:54:26.341]CDlForQdImp::StopImpl
[35][84][14:54:26.341]CWinHttpFile::Close
[35][84][14:54:26.342]CWinHttpFile::Close
[35][84][14:54:26.342]QD LocalSvrPlugin Uninit.
[35][86][14:54:26.342]CDlForQdImp::IpcThreadFunc end...
